ď»żÎ“Ă»â–“ Next.js 16.2.4 (Turbopack)

  Creating an optimized production build ...
Î“ÂŁĂ´ Compiled successfully in 10.6s
  Skipping validation of types
  Finished TypeScript config validation in 15ms ...
  Collecting page data using 5 workers ...
  Generating static pages using 5 workers (0/54) ...
  Generating static pages using 5 workers (13/54) 
  Generating static pages using 5 workers (26/54) 
  Generating static pages using 5 workers (40/54) 
Î“ÂŁĂ´ Generating static pages using 5 workers (54/54) in 1343ms
  Finalizing page optimization ...

Route (app)
Î“Ă¶Ă® Î“ĂąĂŻ /
Î“Ă¶ÂŁ Î“ĂąĂŻ /_not-found
Î“Ă¶ÂŁ Î“ĂąĂŻ /absence
Î“Ă¶ÂŁ Î“ĂąĂŻ /admin/logs
Î“Ă¶ÂŁ Î“ĂąĂŻ /admin/roles
Î“Ă¶ÂŁ Î“ĂąĂŻ /admin/settings
Î“Ă¶ÂŁ Î“ĂąĂŻ /admin/users
Î“Ă¶ÂŁ Î“ĂąĂŻ /analytics
Î“Ă¶ÂŁ Î“ĂąĂŻ /announcements
Î“Ă¶ÂŁ Î“ĂąĂŻ /appraisals
Î“Ă¶ÂŁ Î“ĂąĂŻ /archive
Î“Ă¶ÂŁ Î“ĂąĂŻ /change-password
Î“Ă¶ÂŁ Î“ĂąĂŻ /contact
Î“Ă¶ÂŁ Î“ĂąĂŻ /dashboard
Î“Ă¶ÂŁ Î“ĂąĂŻ /departments
Î“Ă¶ÂŁ â•žĂ† /departments/[id]
Î“Ă¶ÂŁ Î“ĂąĂŻ /departments/beds
Î“Ă¶ÂŁ Î“ĂąĂŻ /departments/isolation
Î“Ă¶ÂŁ Î“ĂąĂŻ /departments/patients
Î“Ă¶ÂŁ Î“ĂąĂŻ /emergency
Î“Ă¶ÂŁ Î“ĂąĂŻ /emergency/response
Î“Ă¶ÂŁ Î“ĂąĂŻ /employees
Î“Ă¶ÂŁ Î“ĂąĂŻ /equipment
Î“Ă¶ÂŁ Î“ĂąĂŻ /ews
Î“Ă¶ÂŁ Î“ĂąĂŻ /handover
Î“Ă¶ÂŁ Î“ĂąĂŻ /incidents
Î“Ă¶ÂŁ Î“ĂąĂŻ /inventory
Î“Ă¶ÂŁ Î“ĂąĂŻ /leave-absence
Î“Ă¶ÂŁ Î“ĂąĂŻ /login
Î“Ă¶ÂŁ Î“ĂąĂŻ /maintenance
Î“Ă¶ÂŁ Î“ĂąĂŻ /meals
Î“Ă¶ÂŁ Î“ĂąĂŻ /messages
Î“Ă¶ÂŁ Î“ĂąĂŻ /monthly-roster
Î“Ă¶ÂŁ Î“ĂąĂŻ /notifications
Î“Ă¶ÂŁ Î“ĂąĂŻ /payroll
Î“Ă¶ÂŁ Î“ĂąĂŻ /pending-approval
Î“Ă¶ÂŁ Î“ĂąĂŻ /policies
Î“Ă¶ÂŁ Î“ĂąĂŻ /preferences
Î“Ă¶ÂŁ Î“ĂąĂŻ /quality
Î“Ă¶ÂŁ Î“ĂąĂŻ /reports
Î“Ă¶ÂŁ â•žĂ† /reports/[id]
Î“Ă¶ÂŁ Î“ĂąĂŻ /reports/create
Î“Ă¶ÂŁ Î“ĂąĂŻ /roster
Î“Ă¶ÂŁ Î“ĂąĂŻ /staff
Î“Ă¶ÂŁ Î“ĂąĂŻ /staff-portal
Î“Ă¶ÂŁ â•žĂ† /staff/[id]
Î“Ă¶ÂŁ Î“ĂąĂŻ /staff/add
Î“Ă¶ÂŁ Î“ĂąĂŻ /staff/attendance
Î“Ă¶ÂŁ Î“ĂąĂŻ /staff/overtime
Î“Ă¶ÂŁ Î“ĂąĂŻ /staff/performance
Î“Ă¶ÂŁ Î“ĂąĂŻ /staff/schedule
Î“Ă¶ÂŁ Î“ĂąĂŻ /tasks
Î“Ă¶ÂŁ Î“ĂąĂŻ /training
Î“Ă¶ÂŁ Î“ĂąĂŻ /vacations
Î“Ă¶ÂŁ Î“ĂąĂŻ /vitals
Î“Ă¶Ă¶ Î“ĂąĂŻ /workflows


Î“ĂąĂŻ  (Static)   prerendered as static content
â•žĂ†  (Dynamic)  server-rendered on demand


node.exe : 
At line:1 char:73
+ ... e-v24.15.0-win-x64\node.exe"; & $nodePath .\run-build.js 2>&1 | Out-F ...
+                                   ~~~~~~~~~~~~~~~~~~~~~~~~~~~~~~~
    + CategoryInfo          : NotSpecified: (:String) [], RemoteException
    + FullyQualifiedErrorId : NativeCommandError
 
